#
# There is insufficient memory for the Java Runtime Environment to continue.
# Native memory allocation (malloc) failed to allocate 1048576 bytes for AllocateHeap
# Possible reasons:
#   The system is out of physical RAM or swap space
#   The process is running with CompressedOops enabled, and the Java Heap may be blocking the growth of the native heap
# Possible solutions:
#   Reduce memory load on the system
#   Increase physical memory or swap space
#   Check if swap backing store is full
#   Decrease Java heap size (-Xmx/-Xms)
#   Decrease number of Java threads
#   Decrease Java thread stack sizes (-Xss)
#   Set larger code cache with -XX:ReservedCodeCacheSize=
#   JVM is running with Unscaled Compressed Oops mode in which the Java heap is
#     placed in the first 4GB address space. The Java Heap base address is the
#     maximum limit for the native heap growth. Please use -XX:HeapBaseMinAddress
#     to set the Java Heap base and to place the Java Heap above 4GB virtual address.
# This output file may be truncated or incomplete.
#
#  Out of Memory Error (allocation.cpp:44), pid=20452, tid=19924
#
# JRE version: OpenJDK Runtime Environment Temurin-17.0.10+7 (17.0.10+7) (build 17.0.10+7)
# Java VM: OpenJDK 64-Bit Server VM Temurin-17.0.10+7 (17.0.10+7, mixed mode, emulated-client, tiered, compressed oops, compressed class ptrs, g1 gc, windows-amd64)
# No core dump will be written. Minidumps are not enabled by default on client versions of Windows
#

---------------  S U M M A R Y ------------

Command Line: -XX:+HeapDumpOnOutOfMemoryError -Xmx1024m -Dsts.lsp.client=vscode -Dsts.log.file=/dev/null -XX:TieredStopAtLevel=1 -Xlog:jni+resolve=off -Dspring.config.location=file:c:\Users\Work Station\.vscode\extensions\vmware.vscode-spring-boot-1.53.0\language-server\BOOT-INF\classes\application.properties org.springframework.ide.vscode.boot.app.BootLanguageServerBootApp

Host: Intel(R) Core(TM) i7-10750H CPU @ 2.60GHz, 12 cores, 7G,  Windows 11 , 64 bit Build 22621 (10.0.22621.3374)
Time: Thu May  2 03:22:47 2024 Hora estándar, América Central elapsed time: 14664.653667 seconds (0d 4h 4m 24s)

---------------  T H R E A D  ---------------

Current thread (0x000001b023a44dc0):  VMThread "VM Thread" [stack: 0x000000a1a6700000,0x000000a1a6800000] [id=19924]

Stack: [0x000000a1a6700000,0x000000a1a6800000]
Native frames: (J=compiled Java code, j=interpreted, Vv=VM code, C=native code)
V  [jvm.dll+0x67d2c9]
V  [jvm.dll+0x834afa]
V  [jvm.dll+0x8365be]
V  [jvm.dll+0x836c23]
V  [jvm.dll+0x2477ff]
V  [jvm.dll+0xa6c93]
V  [jvm.dll+0x2f8663]
V  [jvm.dll+0x2f42e0]
V  [jvm.dll+0x2dc8c7]
V  [jvm.dll+0x31fb87]
V  [jvm.dll+0x83b11b]
V  [jvm.dll+0x83be61]
V  [jvm.dll+0x83c37d]
V  [jvm.dll+0x83c754]
V  [jvm.dll+0x83c820]
V  [jvm.dll+0x7e3fba]
V  [jvm.dll+0x67c1b5]
C  [ucrtbase.dll+0x29333]
C  [KERNEL32.DLL+0x1257d]
C  [ntdll.dll+0x5aa48]

VM_Operation (0x000000a1a7aff050): G1CollectFull, mode: safepoint, requested by thread 0x000001b0294cf040


---------------  P R O C E S S  ---------------

Threads class SMR info:
_java_thread_list=0x000001b0322db7d0, length=55, elements={
0x000001b023a5b390, 0x000001b023a5d3b0, 0x000001b023a71a30, 0x000001b023a72300,
0x000001b023a72bd0, 0x000001b023a734a0, 0x000001b023a73e20, 0x000001b023be87b0,
0x000001b023dd7d90, 0x000001b023dda6d0, 0x000001b0294d27d0, 0x000001b0294cf040,
0x000001b02951b890, 0x000001b0187c7ba0, 0x000001b028d14650, 0x000001b02952f840,
0x000001b02958b010, 0x000001b02958d900, 0x000001b029593ee0, 0x000001b029592aa0,
0x000001b0295939d0, 0x000001b029594e10, 0x000001b029591b70, 0x000001b029592080,
0x000001b029592fb0, 0x000001b028cce2b0, 0x000001b028cd1a60, 0x000001b028cd42e0,
0x000001b028cd1040, 0x000001b028cd2ea0, 0x000001b028cd1f70, 0x000001b028cd2990,
0x000001b028cd3dd0, 0x000001b028cd1550, 0x000001b028cd47f0, 0x000001b028ccd380,
0x000001b028ccd890, 0x000001b028cce7c0, 0x000001b028ccf1e0, 0x000001b028ccfc00,
0x000001b028cd0110, 0x000001b0295934c0, 0x000001b029595320, 0x000001b0295943f0,
0x000001b029594900, 0x000001b028ccce70, 0x000001b03244d4c0, 0x000001b03244f320,
0x000001b03244cfb0, 0x000001b03244c590, 0x000001b03244c080, 0x000001b028cd38c0,
0x000001b03244f830, 0x000001b03244ee10, 0x000001b028ccdda0
}

Java Threads: ( => current thread )
  0x000001b023a5b390 JavaThread "Reference Handler" daemon [_thread_blocked, id=7340, stack(0x000000a1a6800000,0x000000a1a6900000)]
  0x000001b023a5d3b0 JavaThread "Finalizer" daemon [_thread_blocked, id=21336, stack(0x000000a1a6900000,0x000000a1a6a00000)]
  0x000001b023a71a30 JavaThread "Signal Dispatcher" daemon [_thread_blocked, id=18324, stack(0x000000a1a6a00000,0x000000a1a6b00000)]
  0x000001b023a72300 JavaThread "Attach Listener" daemon [_thread_blocked, id=26764, stack(0x000000a1a6b00000,0x000000a1a6c00000)]
  0x000001b023a72bd0 JavaThread "Service Thread" daemon [_thread_blocked, id=17428, stack(0x000000a1a6c00000,0x000000a1a6d00000)]
  0x000001b023a734a0 JavaThread "Monitor Deflation Thread" daemon [_thread_blocked, id=17516, stack(0x000000a1a6d00000,0x000000a1a6e00000)]
  0x000001b023a73e20 JavaThread "C1 CompilerThread0" daemon [_thread_blocked, id=26060, stack(0x000000a1a6e00000,0x000000a1a6f00000)]
  0x000001b023be87b0 JavaThread "Sweeper thread" daemon [_thread_blocked, id=19588, stack(0x000000a1a6f00000,0x000000a1a7000000)]
  0x000001b023dd7d90 JavaThread "Notification Thread" daemon [_thread_blocked, id=10788, stack(0x000000a1a7000000,0x000000a1a7100000)]
  0x000001b023dda6d0 JavaThread "Common-Cleaner" daemon [_thread_blocked, id=22260, stack(0x000000a1a7200000,0x000000a1a7300000)]
  0x000001b0294d27d0 JavaThread "boundedElastic-evictor-1" daemon [_thread_blocked, id=27440, stack(0x000000a1a7900000,0x000000a1a7a00000)]
  0x000001b0294cf040 JavaThread "pool-13-thread-1" [_thread_blocked, id=4960, stack(0x000000a1a7a00000,0x000000a1a7b00000)]
  0x000001b02951b890 JavaThread "LanguageServerApp-lifecycle" [_thread_blocked, id=9516, stack(0x000000a1a7b00000,0x000000a1a7c00000)]
  0x000001b0187c7ba0 JavaThread "DestroyJavaVM" [_thread_blocked, id=13784, stack(0x000000a1a6100000,0x000000a1a6200000)]
  0x000001b028d14650 JavaThread "pool-14-thread-1" [_thread_in_native, id=15700, stack(0x000000a1a8200000,0x000000a1a8300000)]
  0x000001b02952f840 JavaThread "Simple-Language-Server main thread" daemon [_thread_blocked, id=15380, stack(0x000000a1a8300000,0x000000a1a8400000)]
  0x000001b02958b010 JavaThread "pool-8-thread-1" [_thread_blocked, id=20824, stack(0x000000a1a8400000,0x000000a1a8500000)]
  0x000001b02958d900 JavaThread "parallel-1" daemon [_thread_blocked, id=7704, stack(0x000000a1a8500000,0x000000a1a8600000)]
  0x000001b029593ee0 JavaThread "pool-6-thread-1" [_thread_blocked, id=11768, stack(0x000000a1a8600000,0x000000a1a8700000)]
  0x000001b029592aa0 JavaThread "parallel-2" daemon [_thread_blocked, id=25728, stack(0x000000a1a8700000,0x000000a1a8800000)]
  0x000001b0295939d0 JavaThread "parallel-3" daemon [_thread_blocked, id=27092, stack(0x000000a1a8800000,0x000000a1a8900000)]
  0x000001b029594e10 JavaThread "parallel-4" daemon [_thread_blocked, id=22692, stack(0x000000a1a8f00000,0x000000a1a9000000)]
  0x000001b029591b70 JavaThread "parallel-5" daemon [_thread_blocked, id=628, stack(0x000000a1a9000000,0x000000a1a9100000)]
  0x000001b029592080 JavaThread "Reconciler-1" daemon [_thread_blocked, id=11624, stack(0x000000a1a9200000,0x000000a1a9300000)]
  0x000001b029592fb0 JavaThread "parallel-6" daemon [_thread_blocked, id=25380, stack(0x000000a1a7300000,0x000000a1a7400000)]
  0x000001b028cce2b0 JavaThread "parallel-7" daemon [_thread_blocked, id=19108, stack(0x000000a1a8e00000,0x000000a1a8f00000)]
  0x000001b028cd1a60 JavaThread "parallel-8" daemon [_thread_blocked, id=21684, stack(0x000000a1a8c00000,0x000000a1a8d00000)]
  0x000001b028cd42e0 JavaThread "parallel-9" daemon [_thread_blocked, id=24112, stack(0x000000a1a5f00000,0x000000a1a6000000)]
  0x000001b028cd1040 JavaThread "pool-9-thread-1" [_thread_blocked, id=10604, stack(0x000000a1a8d00000,0x000000a1a8e00000)]
  0x000001b028cd2ea0 JavaThread "pool-9-thread-2" [_thread_blocked, id=19592, stack(0x000000a1a9100000,0x000000a1a9200000)]
  0x000001b028cd1f70 JavaThread "pool-9-thread-3" [_thread_blocked, id=10628, stack(0x000000a1a9300000,0x000000a1a9400000)]
  0x000001b028cd2990 JavaThread "pool-7-thread-1" [_thread_blocked, id=22568, stack(0x000000a1a9400000,0x000000a1a9500000)]
  0x000001b028cd3dd0 JavaThread "RMI Scheduler(0)" daemon [_thread_blocked, id=23112, stack(0x000000a1a9700000,0x000000a1a9800000)]
  0x000001b028cd1550 JavaThread "pool-7-thread-2" [_thread_blocked, id=18796, stack(0x000000a1a9a00000,0x000000a1a9b00000)]
  0x000001b028cd47f0 JavaThread "pool-7-thread-3" [_thread_blocked, id=8676, stack(0x000000a1a9b00000,0x000000a1a9c00000)]
  0x000001b028ccd380 JavaThread "pool-7-thread-4" [_thread_blocked, id=7908, stack(0x000000a1a9900000,0x000000a1a9a00000)]
  0x000001b028ccd890 JavaThread "pool-7-thread-5" [_thread_blocked, id=8360, stack(0x000000a1a9c00000,0x000000a1a9d00000)]
  0x000001b028cce7c0 JavaThread "pool-7-thread-6" [_thread_blocked, id=22328, stack(0x000000a1a9d00000,0x000000a1a9e00000)]
  0x000001b028ccf1e0 JavaThread "pool-7-thread-7" [_thread_blocked, id=9512, stack(0x000000a1a6000000,0x000000a1a6100000)]
  0x000001b028ccfc00 JavaThread "pool-9-thread-4" [_thread_blocked, id=10152, stack(0x000000a1a9800000,0x000000a1a9900000)]
  0x000001b028cd0110 JavaThread "pool-7-thread-8" [_thread_blocked, id=2420, stack(0x000000a1a9e00000,0x000000a1a9f00000)]
  0x000001b0295934c0 JavaThread "pool-7-thread-9" [_thread_blocked, id=23484, stack(0x000000a1aa200000,0x000000a1aa300000)]
  0x000001b029595320 JavaThread "pool-7-thread-10" [_thread_blocked, id=24276, stack(0x000000a1aa300000,0x000000a1aa400000)]
  0x000001b0295943f0 JavaThread "pool-9-thread-5" [_thread_blocked, id=5284, stack(0x000000a1a9500000,0x000000a1a9600000)]
  0x000001b029594900 JavaThread "pool-9-thread-6" [_thread_blocked, id=12572, stack(0x000000a1a8a00000,0x000000a1a8b00000)]
  0x000001b028ccce70 JavaThread "pool-9-thread-7" [_thread_blocked, id=1724, stack(0x000000a1aa000000,0x000000a1aa100000)]
  0x000001b03244d4c0 JavaThread "pool-9-thread-8" [_thread_blocked, id=20444, stack(0x000000a1aa400000,0x000000a1aa500000)]
  0x000001b03244f320 JavaThread "pool-9-thread-9" [_thread_blocked, id=14896, stack(0x000000a1aa800000,0x000000a1aa900000)]
  0x000001b03244cfb0 JavaThread "pool-9-thread-10" [_thread_blocked, id=10572, stack(0x000000a1aab00000,0x000000a1aac00000)]
  0x000001b03244c590 JavaThread "parallel-10" daemon [_thread_blocked, id=15628, stack(0x000000a1a8900000,0x000000a1a8a00000)]
  0x000001b03244c080 JavaThread "parallel-11" daemon [_thread_blocked, id=5060, stack(0x000000a1aa700000,0x000000a1aa800000)]
  0x000001b028cd38c0 JavaThread "RMI GC Daemon" daemon [_thread_blocked, id=20044, stack(0x000000a1aa900000,0x000000a1aaa00000)]
  0x000001b03244f830 JavaThread "parallel-12" daemon [_thread_blocked, id=26004, stack(0x000000a1aa500000,0x000000a1aa600000)]
  0x000001b03244ee10 JavaThread "RMI RenewClean-[localhost:64797]" daemon [_thread_blocked, id=19968, stack(0x000000a1aa100000,0x000000a1aa200000)]
  0x000001b028ccdda0 JavaThread "JMX client heartbeat 44" daemon [_thread_blocked, id=23192, stack(0x000000a1aa600000,0x000000a1aa700000)]

Other Threads:
=>0x000001b023a44dc0 VMThread "VM Thread" [stack: 0x000000a1a6700000,0x000000a1a6800000] [id=19924]
  0x000001b023dd8270 WatcherThread [stack: 0x000000a1a7100000,0x000000a1a7200000] [id=20616]
  0x000001b018805040 GCTaskThread "GC Thread#0" [stack: 0x000000a1a6200000,0x000000a1a6300000] [id=15544]
  0x000001b028a73d10 GCTaskThread "GC Thread#1" [stack: 0x000000a1a7400000,0x000000a1a7500000] [id=18356]
  0x000001b028a5a2e0 GCTaskThread "GC Thread#2" [stack: 0x000000a1a7500000,0x000000a1a7600000] [id=21468]
  0x000001b0287ca9c0 GCTaskThread "GC Thread#3" [stack: 0x000000a1a7600000,0x000000a1a7700000] [id=13224]
  0x000001b02876a820 GCTaskThread "GC Thread#4" [stack: 0x000000a1a7700000,0x000000a1a7800000] [id=19116]
  0x000001b02876aae0 GCTaskThread "GC Thread#5" [stack: 0x000000a1a7800000,0x000000a1a7900000] [id=3304]
  0x000001b028f0b210 GCTaskThread "GC Thread#6" [stack: 0x000000a1a7c00000,0x000000a1a7d00000] [id=4632]
  0x000001b028f22010 GCTaskThread "GC Thread#7" [stack: 0x000000a1a7d00000,0x000000a1a7e00000] [id=19024]
  0x000001b028f5af30 GCTaskThread "GC Thread#8" [stack: 0x000000a1a7e00000,0x000000a1a7f00000] [id=11628]
  0x000001b028f5ba00 GCTaskThread "GC Thread#9" [stack: 0x000000a1a7f00000,0x000000a1a8000000] [id=20284]
  0x000001b01880dea0 ConcurrentGCThread "G1 Main Marker" [stack: 0x000000a1a6300000,0x000000a1a6400000] [id=24528]
  0x000001b01880f7e0 ConcurrentGCThread "G1 Conc#0" [stack: 0x000000a1a6400000,0x000000a1a6500000] [id=11988]
  0x000001b028f15970 ConcurrentGCThread "G1 Conc#1" [stack: 0x000000a1a8000000,0x000000a1a8100000] [id=27044]
  0x000001b028ab7030 ConcurrentGCThread "G1 Conc#2" [stack: 0x000000a1a8100000,0x000000a1a8200000] [id=3284]
  0x000001b0238b20c0 ConcurrentGCThread "G1 Refine#0" [stack: 0x000000a1a6500000,0x000000a1a6600000] [id=10948]
  0x000001b0238b2a00 ConcurrentGCThread "G1 Service" [stack: 0x000000a1a6600000,0x000000a1a6700000] [id=1268]

Threads with active compile tasks:

VM state: at safepoint (normal execution)

VM Mutex/Monitor currently owned by a thread:  ([mutex/lock_event])
[0x000001b016681e90] Threads_lock - owner thread: 0x000001b023a44dc0
[0x000001b01667b9b0] Heap_lock - owner thread: 0x000001b0294cf040

Heap address: 0x00000000c0000000, size: 1024 MB, Compressed Oops mode: 32-bit

CDS archive(s) not mapped
Compressed class space mapped at: 0x0000000100000000-0x0000000140000000, reserved size: 1073741824
Narrow klass base: 0x0000000000000000, Narrow klass shift: 3, Narrow klass range: 0x140000000

GC Precious Log:
 CPUs: 12 total, 12 available
 Memory: 7962M
 Large Page Support: Disabled
 NUMA Support: Disabled
 Compressed Oops: Enabled (32-bit)
 Heap Region Size: 1M
 Heap Min Capacity: 8M
 Heap Initial Capacity: 126M
 Heap Max Capacity: 1G
 Pre-touch: Disabled
 Parallel Workers: 10
 Concurrent Workers: 3
 Concurrent Refinement Workers: 10
 Periodic GC: Disabled

Heap:
 garbage-first heap   total 95232K, used 39573K [0x00000000c0000000, 0x0000000100000000)
  region size 1024K, 1 young (1024K), 0 survivors (0K)
 Metaspace       used 59923K, committed 60480K, reserved 1114112K
  class space    used 7471K, committed 7680K, reserved 1048576K

Heap Regions: E=young(eden), S=young(survivor), O=old, HS=humongous(starts), HC=humongous(continues), CS=collection set, F=free, OA=open archive, CA=closed archive, TAMS=top-at-mark-start (previous, next)
|   0|0x00000000c0000000, 0x00000000c0100000, 0x00000000c0100000|100%|HS|  |TAMS 0x00000000c0100000, 0x00000000c0000000| Untracked 
|   1|0x00000000c0100000, 0x00000000c0200000, 0x00000000c0200000|100%|HC|  |TAMS 0x00000000c0200000, 0x00000000c0100000| Untracked 
|   2|0x00000000c0200000, 0x00000000c0300000, 0x00000000c0300000|100%|HC|  |TAMS 0x00000000c0300000, 0x00000000c0200000| Untracked 
|   3|0x00000000c0300000, 0x00000000c0400000, 0x00000000c0400000|100%|HC|  |TAMS 0x00000000c0400000, 0x00000000c0300000| Untracked 
|   4|0x00000000c0400000, 0x00000000c0500000, 0x00000000c0500000|100%|HS|  |TAMS 0x00000000c0500000, 0x00000000c0400000| Untracked 
|   5|0x00000000c0500000, 0x00000000c0600000, 0x00000000c0600000|100%|HC|  |TAMS 0x00000000c0600000, 0x00000000c0500000| Untracked 
|   6|0x00000000c0600000, 0x00000000c0700000, 0x00000000c0700000|100%| O|  |TAMS 0x00000000c0700000, 0x00000000c0600000| Untracked 
|   7|0x00000000c0700000, 0x00000000c07fffc8, 0x00000000c0800000| 99%| O|  |TAMS 0x00000000c07fffc8, 0x00000000c0700000| Untracked 
|   8|0x00000000c0800000, 0x00000000c0900000, 0x00000000c0900000|100%| O|  |TAMS 0x00000000c0900000, 0x00000000c0800000| Untracked 
|   9|0x00000000c0900000, 0x00000000c0a00000, 0x00000000c0a00000|100%| O|  |TAMS 0x00000000c0a00000, 0x00000000c0900000| Untracked 
|  10|0x00000000c0a00000, 0x00000000c0af7c80, 0x00000000c0b00000| 96%| O|  |TAMS 0x00000000c0af7c80, 0x00000000c0a00000| Untracked 
|  11|0x00000000c0b00000, 0x00000000c0c00000, 0x00000000c0c00000|100%| O|  |TAMS 0x00000000c0c00000, 0x00000000c0b00000| Untracked 
|  12|0x00000000c0c00000, 0x00000000c0d00000, 0x00000000c0d00000|100%| O|  |TAMS 0x00000000c0d00000, 0x00000000c0c00000| Untracked 
|  13|0x00000000c0d00000, 0x00000000c0dffff8, 0x00000000c0e00000| 99%| O|  |TAMS 0x00000000c0dffff8, 0x00000000c0d00000| Untracked 
|  14|0x00000000c0e00000, 0x00000000c0effff8, 0x00000000c0f00000| 99%| O|  |TAMS 0x00000000c0effff8, 0x00000000c0e00000| Untracked 
|  15|0x00000000c0f00000, 0x00000000c0ffffe0, 0x00000000c1000000| 99%| O|  |TAMS 0x00000000c0ffffe0, 0x00000000c0f00000| Untracked 
|  16|0x00000000c1000000, 0x00000000c10fff90, 0x00000000c1100000| 99%| O|  |TAMS 0x00000000c10fff90, 0x00000000c1000000| Untracked 
|  17|0x00000000c1100000, 0x00000000c1200000, 0x00000000c1200000|100%| O|  |TAMS 0x00000000c1200000, 0x00000000c1100000| Untracked 
|  18|0x00000000c1200000, 0x00000000c12fe798, 0x00000000c1300000| 99%| O|  |TAMS 0x00000000c12fe798, 0x00000000c1200000| Untracked 
|  19|0x00000000c1300000, 0x00000000c13ffff0, 0x00000000c1400000| 99%| O|  |TAMS 0x00000000c13ffff0, 0x00000000c1300000| Untracked 
|  20|0x00000000c1400000, 0x00000000c14ffff0, 0x00000000c1500000| 99%| O|  |TAMS 0x00000000c14ffff0, 0x00000000c1400000| Untracked 
|  21|0x00000000c1500000, 0x00000000c1600000, 0x00000000c1600000|100%| O|  |TAMS 0x00000000c1600000, 0x00000000c1500000| Untracked 
|  22|0x00000000c1600000, 0x00000000c16ffff8, 0x00000000c1700000| 99%| O|  |TAMS 0x00000000c16ffff8, 0x00000000c1600000| Untracked 
|  23|0x00000000c1700000, 0x00000000c17ffff8, 0x00000000c1800000| 99%| O|  |TAMS 0x00000000c17ffff8, 0x00000000c1700000| Untracked 
|  24|0x00000000c1800000, 0x00000000c1900000, 0x00000000c1900000|100%| O|  |TAMS 0x00000000c1900000, 0x00000000c1800000| Untracked 
|  25|0x00000000c1900000, 0x00000000c19ffff8, 0x00000000c1a00000| 99%| O|  |TAMS 0x00000000c19ffff8, 0x00000000c1900000| Untracked 
|  26|0x00000000c1a00000, 0x00000000c1aff8a8, 0x00000000c1b00000| 99%| O|  |TAMS 0x00000000c1aff8a8, 0x00000000c1a00000| Untracked 
|  27|0x00000000c1b00000, 0x00000000c1bfffe8, 0x00000000c1c00000| 99%| O|  |TAMS 0x00000000c1bfffe8, 0x00000000c1b00000| Untracked 
|  28|0x00000000c1c00000, 0x00000000c1cfffd8, 0x00000000c1d00000| 99%| O|  |TAMS 0x00000000c1cfffd8, 0x00000000c1c00000| Untracked 
|  29|0x00000000c1d00000, 0x00000000c1e00000, 0x00000000c1e00000|100%|HS|  |TAMS 0x00000000c1e00000, 0x00000000c1d00000| Untracked 
|  30|0x00000000c1e00000, 0x00000000c1efffb8, 0x00000000c1f00000| 99%| O|  |TAMS 0x00000000c1efffb8, 0x00000000c1e00000| Untracked 
|  31|0x00000000c1f00000, 0x00000000c2000000, 0x00000000c2000000|100%| O|  |TAMS 0x00000000c2000000, 0x00000000c1f00000| Untracked 
|  32|0x00000000c2000000, 0x00000000c20fffe0, 0x00000000c2100000| 99%| O|  |TAMS 0x00000000c20fffe0, 0x00000000c2000000| Untracked 
|  33|0x00000000c2100000, 0x00000000c2200000, 0x00000000c2200000|100%| O|  |TAMS 0x00000000c2200000, 0x00000000c2100000| Untracked 
|  34|0x00000000c2200000, 0x00000000c22fffe8, 0x00000000c2300000| 99%| O|  |TAMS 0x00000000c22fffe8, 0x00000000c2200000| Untracked 
|  35|0x00000000c2300000, 0x00000000c23ffff8, 0x00000000c2400000| 99%| O|  |TAMS 0x00000000c23ffff8, 0x00000000c2300000| Untracked 
|  36|0x00000000c2400000, 0x00000000c24af4c8, 0x00000000c2500000| 68%| O|  |TAMS 0x00000000c2400000, 0x00000000c2400000| Untracked 
|  37|0x00000000c2500000, 0x00000000c2600000, 0x00000000c2600000|100%| O|  |TAMS 0x00000000c2600000, 0x00000000c2500000| Untracked 
|  38|0x00000000c2600000, 0x00000000c26007d8, 0x00000000c2700000|  0%| O|  |TAMS 0x00000000c2600000, 0x00000000c2600000| Untracked 
|  39|0x00000000c2700000, 0x00000000c2800000, 0x00000000c2800000|100%| O|  |TAMS 0x00000000c2800000, 0x00000000c2700000| Untracked 
|  40|0x00000000c2800000, 0x00000000c2800000, 0x00000000c2900000|  0%| F|  |TAMS 0x00000000c2800000, 0x00000000c2800000| Untracked 
|  41|0x00000000c2900000, 0x00000000c2900000, 0x00000000c2a00000|  0%| F|  |TAMS 0x00000000c2900000, 0x00000000c2900000| Untracked 
|  42|0x00000000c2a00000, 0x00000000c2a00000, 0x00000000c2b00000|  0%| F|  |TAMS 0x00000000c2a00000, 0x00000000c2a00000| Untracked 
|  43|0x00000000c2b00000, 0x00000000c2b00000, 0x00000000c2c00000|  0%| F|  |TAMS 0x00000000c2b00000, 0x00000000c2b00000| Untracked 
|  44|0x00000000c2c00000, 0x00000000c2c00000, 0x00000000c2d00000|  0%| F|  |TAMS 0x00000000c2c00000, 0x00000000c2c00000| Untracked 
|  45|0x00000000c2d00000, 0x00000000c2d00000, 0x00000000c2e00000|  0%| F|  |TAMS 0x00000000c2d00000, 0x00000000c2d00000| Untracked 
|  46|0x00000000c2e00000, 0x00000000c2e00000, 0x00000000c2f00000|  0%| F|  |TAMS 0x00000000c2e00000, 0x00000000c2e00000| Untracked 
|  47|0x00000000c2f00000, 0x00000000c2f00000, 0x00000000c3000000|  0%| F|  |TAMS 0x00000000c2f00000, 0x00000000c2f00000| Untracked 
|  48|0x00000000c3000000, 0x00000000c3000000, 0x00000000c3100000|  0%| F|  |TAMS 0x00000000c3000000, 0x00000000c3000000| Untracked 
|  49|0x00000000c3100000, 0x00000000c3100000, 0x00000000c3200000|  0%| F|  |TAMS 0x00000000c3100000, 0x00000000c3100000| Untracked 
|  50|0x00000000c3200000, 0x00000000c3200000, 0x00000000c3300000|  0%| F|  |TAMS 0x00000000c3200000, 0x00000000c3200000| Untracked 
|  51|0x00000000c3300000, 0x00000000c3300000, 0x00000000c3400000|  0%| F|  |TAMS 0x00000000c3300000, 0x00000000c3300000| Untracked 
|  52|0x00000000c3400000, 0x00000000c3400000, 0x00000000c3500000|  0%| F|  |TAMS 0x00000000c3400000, 0x00000000c3400000| Untracked 
|  53|0x00000000c3500000, 0x00000000c3500000, 0x00000000c3600000|  0%| F|  |TAMS 0x00000000c3500000, 0x00000000c3500000| Untracked 
|  54|0x00000000c3600000, 0x00000000c3600000, 0x00000000c3700000|  0%| F|  |TAMS 0x00000000c3600000, 0x00000000c3600000| Untracked 
|  55|0x00000000c3700000, 0x00000000c3700000, 0x00000000c3800000|  0%| F|  |TAMS 0x00000000c3700000, 0x00000000c3700000| Untracked 
|  56|0x00000000c3800000, 0x00000000c3800000, 0x00000000c3900000|  0%| F|  |TAMS 0x00000000c3800000, 0x00000000c3800000| Untracked 
|  57|0x00000000c3900000, 0x00000000c3900000, 0x00000000c3a00000|  0%| F|  |TAMS 0x00000000c3900000, 0x00000000c3900000| Untracked 
|  58|0x00000000c3a00000, 0x00000000c3a00000, 0x00000000c3b00000|  0%| F|  |TAMS 0x00000000c3a00000, 0x00000000c3a00000| Untracked 
|  59|0x00000000c3b00000, 0x00000000c3b00000, 0x00000000c3c00000|  0%| F|  |TAMS 0x00000000c3b00000, 0x00000000c3b00000| Untracked 
|  60|0x00000000c3c00000, 0x00000000c3c00000, 0x00000000c3d00000|  0%| F|  |TAMS 0x00000000c3c00000, 0x00000000c3c00000| Untracked 
|  61|0x00000000c3d00000, 0x00000000c3d00000, 0x00000000c3e00000|  0%| F|  |TAMS 0x00000000c3d00000, 0x00000000c3d00000| Untracked 
|  62|0x00000000c3e00000, 0x00000000c3e00000, 0x00000000c3f00000|  0%| F|  |TAMS 0x00000000c3e00000, 0x00000000c3e00000| Untracked 
|  63|0x00000000c3f00000, 0x00000000c3f00000, 0x00000000c4000000|  0%| F|  |TAMS 0x00000000c3f00000, 0x00000000c3f00000| Untracked 
|  64|0x00000000c4000000, 0x00000000c4000000, 0x00000000c4100000|  0%| F|  |TAMS 0x00000000c4000000, 0x00000000c4000000| Untracked 
|  65|0x00000000c4100000, 0x00000000c4100000, 0x00000000c4200000|  0%| F|  |TAMS 0x00000000c4100000, 0x00000000c4100000| Untracked 
|  66|0x00000000c4200000, 0x00000000c4200000, 0x00000000c4300000|  0%| F|  |TAMS 0x00000000c4200000, 0x00000000c4200000| Untracked 
|  67|0x00000000c4300000, 0x00000000c4300000, 0x00000000c4400000|  0%| F|  |TAMS 0x00000000c4300000, 0x00000000c4300000| Untracked 
|  68|0x00000000c4400000, 0x00000000c4400000, 0x00000000c4500000|  0%| F|  |TAMS 0x00000000c4400000, 0x00000000c4400000| Untracked 
|  69|0x00000000c4500000, 0x00000000c4500000, 0x00000000c4600000|  0%| F|  |TAMS 0x00000000c4500000, 0x00000000c4500000| Untracked 
|  70|0x00000000c4600000, 0x00000000c4600000, 0x00000000c4700000|  0%| F|  |TAMS 0x00000000c4600000, 0x00000000c4600000| Untracked 
|  71|0x00000000c4700000, 0x00000000c4700000, 0x00000000c4800000|  0%| F|  |TAMS 0x00000000c4700000, 0x00000000c4700000| Untracked 
|  72|0x00000000c4800000, 0x00000000c4800000, 0x00000000c4900000|  0%| F|  |TAMS 0x00000000c4800000, 0x00000000c4800000| Untracked 
|  73|0x00000000c4900000, 0x00000000c4900000, 0x00000000c4a00000|  0%| F|  |TAMS 0x00000000c4900000, 0x00000000c4900000| Untracked 
|  74|0x00000000c4a00000, 0x00000000c4a00000, 0x00000000c4b00000|  0%| F|  |TAMS 0x00000000c4a00000, 0x00000000c4a00000| Untracked 
|  75|0x00000000c4b00000, 0x00000000c4b00000, 0x00000000c4c00000|  0%| F|  |TAMS 0x00000000c4b00000, 0x00000000c4b00000| Untracked 
|  76|0x00000000c4c00000, 0x00000000c4c00000, 0x00000000c4d00000|  0%| F|  |TAMS 0x00000000c4c00000, 0x00000000c4c00000| Untracked 
|  77|0x00000000c4d00000, 0x00000000c4d00000, 0x00000000c4e00000|  0%| F|  |TAMS 0x00000000c4d00000, 0x00000000c4d00000| Untracked 
|  78|0x00000000c4e00000, 0x00000000c4e00000, 0x00000000c4f00000|  0%| F|  |TAMS 0x00000000c4e00000, 0x00000000c4e00000| Untracked 
|  79|0x00000000c4f00000, 0x00000000c4f00000, 0x00000000c5000000|  0%| F|  |TAMS 0x00000000c4f00000, 0x00000000c4f00000| Untracked 
|  80|0x00000000c5000000, 0x00000000c5000000, 0x00000000c5100000|  0%| F|  |TAMS 0x00000000c5000000, 0x00000000c5000000| Untracked 
|  81|0x00000000c5100000, 0x00000000c5100000, 0x00000000c5200000|  0%| F|  |TAMS 0x00000000c5100000, 0x00000000c5100000| Untracked 
|  82|0x00000000c5200000, 0x00000000c5200000, 0x00000000c5300000|  0%| F|  |TAMS 0x00000000c5200000, 0x00000000c5200000| Untracked 
|  83|0x00000000c5300000, 0x00000000c5300000, 0x00000000c5400000|  0%| F|  |TAMS 0x00000000c5300000, 0x00000000c5300000| Untracked 
|  84|0x00000000c5400000, 0x00000000c5400000, 0x00000000c5500000|  0%| F|  |TAMS 0x00000000c5400000, 0x00000000c5400000| Untracked 
|  85|0x00000000c5500000, 0x00000000c5500000, 0x00000000c5600000|  0%| F|  |TAMS 0x00000000c5500000, 0x00000000c5500000| Untracked 
|  86|0x00000000c5600000, 0x00000000c5600000, 0x00000000c5700000|  0%| F|  |TAMS 0x00000000c5600000, 0x00000000c5600000| Untracked 
|  87|0x00000000c5700000, 0x00000000c5700000, 0x00000000c5800000|  0%| F|  |TAMS 0x00000000c5700000, 0x00000000c5700000| Untracked 
|  88|0x00000000c5800000, 0x00000000c5800000, 0x00000000c5900000|  0%| F|  |TAMS 0x00000000c5800000, 0x00000000c5800000| Untracked 
|  89|0x00000000c5900000, 0x00000000c5900000, 0x00000000c5a00000|  0%| F|  |TAMS 0x00000000c5900000, 0x00000000c5900000| Untracked 
|  90|0x00000000c5a00000, 0x00000000c5a00000, 0x00000000c5b00000|  0%| F|  |TAMS 0x00000000c5a00000, 0x00000000c5a00000| Untracked 
|  91|0x00000000c5b00000, 0x00000000c5b00000, 0x00000000c5c00000|  0%| F|  |TAMS 0x00000000c5b00000, 0x00000000c5b00000| Untracked 
| 125|0x00000000c7d00000, 0x00000000c7d15a18, 0x00000000c7e00000|  8%| E|  |TAMS 0x00000000c7d00000, 0x00000000c7d00000| Complete 

Card table byte_map: [0x000001b01e980000,0x000001b01eb80000] _byte_map_base: 0x000001b01e380000

Marking Bits (Prev, Next): (CMBitMap*) 0x000001b0188055b0, (CMBitMap*) 0x000001b018805570
 Prev Bits: [0x000001b01fd80000, 0x000001b020d80000)
 Next Bits: [0x000001b01ed80000, 0x000001b01fd80000)

Polling page: 0x000001b016770000

Metaspace:

Usage:
  Non-class:     51.22 MB used.
      Class:      7.30 MB used.
       Both:     58.52 MB used.

Virtual space:
  Non-class space:       64.00 MB reserved,      51.56 MB ( 81%) committed,  1 nodes.
      Class space:        1.00 GB reserved,       7.50 MB ( <1%) committed,  1 nodes.
             Both:        1.06 GB reserved,      59.06 MB (  5%) committed. 

Chunk freelists:
   Non-Class:  12.06 MB
       Class:  8.50 MB
        Both:  20.56 MB

MaxMetaspaceSize: unlimited
CompressedClassSpaceSize: 1.00 GB
Initial GC threshold: 21.00 MB
Current GC threshold: 98.44 MB
CDS: off
MetaspaceReclaimPolicy: balanced
 - commit_granule_bytes: 65536.
 - commit_granule_words: 8192.
 - virtual_space_node_default_size: 8388608.
 - enlarge_chunks_in_place: 1.
 - new_chunks_are_fully_committed: 0.
 - uncommit_free_chunks: 1.
 - use_allocation_guard: 0.
 - handle_deallocations: 1.


Internal statistics:

num_allocs_failed_limit: 6.
num_arena_births: 2238.
num_arena_deaths: 1740.
num_vsnodes_births: 2.
num_vsnodes_deaths: 0.
num_space_committed: 947.
num_space_uncommitted: 2.
num_chunks_returned_to_freelist: 2576.
num_chunks_taken_from_freelist: 5017.
num_chunk_merges: 928.
num_chunk_splits: 2652.
num_chunks_enlarged: 1496.
num_inconsistent_stats: 0.

CodeCache: size=49152Kb used=15994Kb max_used=16193Kb free=33157Kb
 bounds [0x000001b01b450000, 0x000001b01c450000, 0x000001b01e450000]
 total_blobs=9206 nmethods=8530 adapters=602
 compilation: enabled
              stopped_count=0, restarted_count=0
 full_count=0

Compilation events (20 events):
Event: 13801.744 Thread 0x000001b023a73e20 8542       1       org.eclipse.jdt.internal.compiler.ASTVisitor::<init> (5 bytes)
Event: 13801.745 Thread 0x000001b023a73e20 nmethod 8542 0x000001b01c41b890 code [0x000001b01c41ba20, 0x000001b01c41bad8]
Event: 13801.745 Thread 0x000001b023a73e20 8544       1       org.eclipse.jdt.internal.compiler.ClassFile::generateLineNumberAttribute (315 bytes)
Event: 13801.745 Thread 0x000001b023a73e20 nmethod 8544 0x000001b01c41ae90 code [0x000001b01c41b060, 0x000001b01c41b4a8]
Event: 13801.745 Thread 0x000001b023a73e20 8543       1       org.eclipse.jdt.internal.compiler.ClassFile::recordInnerClasses (97 bytes)
Event: 13801.746 Thread 0x000001b023a73e20 nmethod 8543 0x000001b01c41a610 code [0x000001b01c41a860, 0x000001b01c41ac88]
Event: 13801.746 Thread 0x000001b023a73e20 8545       1       org.eclipse.jdt.internal.compiler.ClassFile$1::compare (13 bytes)
Event: 13801.746 Thread 0x000001b023a73e20 nmethod 8545 0x000001b01c41a290 code [0x000001b01c41a420, 0x000001b01c41a568]
Event: 13801.746 Thread 0x000001b023a73e20 8546       1       org.eclipse.jdt.internal.compiler.ClassFile$1::compare (74 bytes)
Event: 13801.746 Thread 0x000001b023a73e20 nmethod 8546 0x000001b01c419c10 code [0x000001b01c419e00, 0x000001b01c41a0c8]
Event: 13801.760 Thread 0x000001b023a73e20 8547       1       java.util.stream.FindOps$FindOp::evaluateSequential (39 bytes)
Event: 13801.760 Thread 0x000001b023a73e20 nmethod 8547 0x000001b01c419710 code [0x000001b01c4198e0, 0x000001b01c419ae8]
Event: 13801.760 Thread 0x000001b023a73e20 8548       1       java.util.stream.FindOps$FindSink::<init> (5 bytes)
Event: 13801.760 Thread 0x000001b023a73e20 nmethod 8548 0x000001b01c419410 code [0x000001b01c4195a0, 0x000001b01c419658]
Event: 14059.507 Thread 0x000001b023a73e20 8549       1       sun.rmi.transport.tcp.TCPChannel$1::run (19 bytes)
Event: 14059.508 Thread 0x000001b023a73e20 nmethod 8549 0x000001b01c419090 code [0x000001b01c419240, 0x000001b01c419358]
Event: 14059.508 Thread 0x000001b023a73e20 8550   !   1       sun.rmi.transport.tcp.TCPChannel::freeCachedConnections (141 bytes)
Event: 14059.509 Thread 0x000001b023a73e20 nmethod 8550 0x000001b01c418690 code [0x000001b01c4188a0, 0x000001b01c418ce8]
Event: 14479.757 Thread 0x000001b023a73e20 8551       1       java.util.ArrayList$ListItr::previous (59 bytes)
Event: 14479.802 Thread 0x000001b023a73e20 nmethod 8551 0x000001b01c418010 code [0x000001b01c4181e0, 0x000001b01c4184c8]

GC Heap History (20 events):
Event: 14563.120 GC heap before
{Heap before GC invocations=1231 (full 1202):
 garbage-first heap   total 95232K, used 39573K [0x00000000c0000000, 0x0000000100000000)
  region size 1024K, 1 young (1024K), 0 survivors (0K)
 Metaspace       used 59923K, committed 60480K, reserved 1114112K
  class space    used 7471K, committed 7680K, reserved 1048576K
}
Event: 14563.147 GC heap after
{Heap after GC invocations=1232 (full 1203):
 garbage-first heap   total 95232K, used 39573K [0x00000000c0000000, 0x0000000100000000)
  region size 1024K, 0 young (0K), 0 survivors (0K)
 Metaspace       used 59923K, committed 60480K, reserved 1114112K
  class space    used 7471K, committed 7680K, reserved 1048576K
}
Event: 14573.311 GC heap before
{Heap before GC invocations=1232 (full 1203):
 garbage-first heap   total 95232K, used 39573K [0x00000000c0000000, 0x0000000100000000)
  region size 1024K, 1 young (1024K), 0 survivors (0K)
 Metaspace       used 59923K, committed 60480K, reserved 1114112K
  class space    used 7471K, committed 7680K, reserved 1048576K
}
Event: 14573.345 GC heap after
{Heap after GC invocations=1233 (full 1204):
 garbage-first heap   total 95232K, used 39573K [0x00000000c0000000, 0x0000000100000000)
  region size 1024K, 0 young (0K), 0 survivors (0K)
 Metaspace       used 59923K, committed 60480K, reserved 1114112K
  class space    used 7471K, committed 7680K, reserved 1048576K
}
Event: 14583.464 GC heap before
{Heap before GC invocations=1233 (full 1204):
 garbage-first heap   total 95232K, used 39573K [0x00000000c0000000, 0x0000000100000000)
  region size 1024K, 1 young (1024K), 0 survivors (0K)
 Metaspace       used 59923K, committed 60480K, reserved 1114112K
  class space    used 7471K, committed 7680K, reserved 1048576K
}
Event: 14583.495 GC heap after
{Heap after GC invocations=1234 (full 1205):
 garbage-first heap   total 95232K, used 39573K [0x00000000c0000000, 0x0000000100000000)
  region size 1024K, 0 young (0K), 0 survivors (0K)
 Metaspace       used 59923K, committed 60480K, reserved 1114112K
  class space    used 7471K, committed 7680K, reserved 1048576K
}
Event: 14593.625 GC heap before
{Heap before GC invocations=1234 (full 1205):
 garbage-first heap   total 95232K, used 39573K [0x00000000c0000000, 0x0000000100000000)
  region size 1024K, 1 young (1024K), 0 survivors (0K)
 Metaspace       used 59923K, committed 60480K, reserved 1114112K
  class space    used 7471K, committed 7680K, reserved 1048576K
}
Event: 14593.657 GC heap after
{Heap after GC invocations=1235 (full 1206):
 garbage-first heap   total 95232K, used 39573K [0x00000000c0000000, 0x0000000100000000)
  region size 1024K, 0 young (0K), 0 survivors (0K)
 Metaspace       used 59923K, committed 60480K, reserved 1114112K
  class space    used 7471K, committed 7680K, reserved 1048576K
}
Event: 14603.782 GC heap before
{Heap before GC invocations=1235 (full 1206):
 garbage-first heap   total 95232K, used 39573K [0x00000000c0000000, 0x0000000100000000)
  region size 1024K, 1 young (1024K), 0 survivors (0K)
 Metaspace       used 59923K, committed 60480K, reserved 1114112K
  class space    used 7471K, committed 7680K, reserved 1048576K
}
Event: 14603.811 GC heap after
{Heap after GC invocations=1236 (full 1207):
 garbage-first heap   total 95232K, used 39573K [0x00000000c0000000, 0x0000000100000000)
  region size 1024K, 0 young (0K), 0 survivors (0K)
 Metaspace       used 59923K, committed 60480K, reserved 1114112K
  class space    used 7471K, committed 7680K, reserved 1048576K
}
Event: 14613.934 GC heap before
{Heap before GC invocations=1236 (full 1207):
 garbage-first heap   total 95232K, used 39573K [0x00000000c0000000, 0x0000000100000000)
  region size 1024K, 1 young (1024K), 0 survivors (0K)
 Metaspace       used 59923K, committed 60480K, reserved 1114112K
  class space    used 7471K, committed 7680K, reserved 1048576K
}
Event: 14613.959 GC heap after
{Heap after GC invocations=1237 (full 1208):
 garbage-first heap   total 95232K, used 39573K [0x00000000c0000000, 0x0000000100000000)
  region size 1024K, 0 young (0K), 0 survivors (0K)
 Metaspace       used 59923K, committed 60480K, reserved 1114112K
  class space    used 7471K, committed 7680K, reserved 1048576K
}
Event: 14624.091 GC heap before
{Heap before GC invocations=1237 (full 1208):
 garbage-first heap   total 95232K, used 39573K [0x00000000c0000000, 0x0000000100000000)
  region size 1024K, 1 young (1024K), 0 survivors (0K)
 Metaspace       used 59923K, committed 60480K, reserved 1114112K
  class space    used 7471K, committed 7680K, reserved 1048576K
}
Event: 14624.119 GC heap after
{Heap after GC invocations=1238 (full 1209):
 garbage-first heap   total 95232K, used 39573K [0x00000000c0000000, 0x0000000100000000)
  region size 1024K, 0 young (0K), 0 survivors (0K)
 Metaspace       used 59923K, committed 60480K, reserved 1114112K
  class space    used 7471K, committed 7680K, reserved 1048576K
}
Event: 14634.252 GC heap before
{Heap before GC invocations=1238 (full 1209):
 garbage-first heap   total 95232K, used 39573K [0x00000000c0000000, 0x0000000100000000)
  region size 1024K, 1 young (1024K), 0 survivors (0K)
 Metaspace       used 59923K, committed 60480K, reserved 1114112K
  class space    used 7471K, committed 7680K, reserved 1048576K
}
Event: 14634.285 GC heap after
{Heap after GC invocations=1239 (full 1210):
 garbage-first heap   total 95232K, used 39573K [0x00000000c0000000, 0x0000000100000000)
  region size 1024K, 0 young (0K), 0 survivors (0K)
 Metaspace       used 59923K, committed 60480K, reserved 1114112K
  class space    used 7471K, committed 7680K, reserved 1048576K
}
Event: 14644.416 GC heap before
{Heap before GC invocations=1239 (full 1210):
 garbage-first heap   total 95232K, used 39573K [0x00000000c0000000, 0x0000000100000000)
  region size 1024K, 1 young (1024K), 0 survivors (0K)
 Metaspace       used 59923K, committed 60480K, reserved 1114112K
  class space    used 7471K, committed 7680K, reserved 1048576K
}
Event: 14644.444 GC heap after
{Heap after GC invocations=1240 (full 1211):
 garbage-first heap   total 95232K, used 39573K [0x00000000c0000000, 0x0000000100000000)
  region size 1024K, 0 young (0K), 0 survivors (0K)
 Metaspace       used 59923K, committed 60480K, reserved 1114112K
  class space    used 7471K, committed 7680K, reserved 1048576K
}
Event: 14654.581 GC heap before
{Heap before GC invocations=1240 (full 1211):
 garbage-first heap   total 95232K, used 39573K [0x00000000c0000000, 0x0000000100000000)
  region size 1024K, 1 young (1024K), 0 survivors (0K)
 Metaspace       used 59923K, committed 60480K, reserved 1114112K
  class space    used 7471K, committed 7680K, reserved 1048576K
}
Event: 14654.609 GC heap after
{Heap after GC invocations=1241 (full 1212):
 garbage-first heap   total 95232K, used 39573K [0x00000000c0000000, 0x0000000100000000)
  region size 1024K, 0 young (0K), 0 survivors (0K)
 Metaspace       used 59923K, committed 60480K, reserved 1114112K
  class space    used 7471K, committed 7680K, reserved 1048576K
}

Dll operation events (12 events):
Event: 0.021 Loaded shared library c:\Users\Work Station\.vscode\extensions\redhat.java-1.30.0-win32-x64\jre\17.0.10-win32-x86_64\bin\java.dll
Event: 1.055 Loaded shared library C:\Users\Work Station\.vscode\extensions\redhat.java-1.30.0-win32-x64\jre\17.0.10-win32-x86_64\bin\net.dll
Event: 1.059 Loaded shared library C:\Users\Work Station\.vscode\extensions\redhat.java-1.30.0-win32-x64\jre\17.0.10-win32-x86_64\bin\nio.dll
Event: 1.860 Loaded shared library C:\Users\Work Station\.vscode\extensions\redhat.java-1.30.0-win32-x64\jre\17.0.10-win32-x86_64\bin\zip.dll
Event: 14.413 Loaded shared library C:\Users\Work Station\.vscode\extensions\redhat.java-1.30.0-win32-x64\jre\17.0.10-win32-x86_64\bin\jimage.dll
Event: 17.895 Loaded shared library c:\Users\Work Station\.vscode\extensions\redhat.java-1.30.0-win32-x64\jre\17.0.10-win32-x86_64\bin\verify.dll
Event: 24.349 Loaded shared library C:\Users\Work Station\.vscode\extensions\redhat.java-1.30.0-win32-x64\jre\17.0.10-win32-x86_64\bin\management.dll
Event: 24.355 Loaded shared library C:\Users\Work Station\.vscode\extensions\redhat.java-1.30.0-win32-x64\jre\17.0.10-win32-x86_64\bin\management_ext.dll
Event: 25.877 Loaded shared library C:\Users\Work Station\.vscode\extensions\redhat.java-1.30.0-win32-x64\jre\17.0.10-win32-x86_64\bin\sunmscapi.dll
Event: 26.360 Loaded shared library C:\Users\Work Station\.vscode\extensions\redhat.java-1.30.0-win32-x64\jre\17.0.10-win32-x86_64\bin\extnet.dll
Event: 9712.361 Loaded shared library C:\Users\Work Station\.vscode\extensions\redhat.java-1.30.0-win32-x64\jre\17.0.10-win32-x86_64\bin\attach.dll
Event: 9712.807 Loaded shared library C:\Users\Work Station\.vscode\extensions\redhat.java-1.30.0-win32-x64\jre\17.0.10-win32-x86_64\bin\rmi.dll

Deoptimization events (12 events):
Event: 24.841 Thread 0x000001b028d14650 DEOPT PACKING pc=0x000001b01ba16481 sp=0x000000a1a82fdd60
Event: 24.841 Thread 0x000001b028d14650 DEOPT UNPACKING pc=0x000001b01b4a7143 sp=0x000000a1a82fd1f0 mode 3
Event: 24.874 Thread 0x000001b02952f840 DEOPT PACKING pc=0x000001b01b9f3897 sp=0x000000a1a83fef50
Event: 24.874 Thread 0x000001b02952f840 DEOPT UNPACKING pc=0x000001b01b4a7143 sp=0x000000a1a83fe3a8 mode 3
Event: 25.994 Thread 0x000001b029592fb0 DEOPT PACKING pc=0x000001b01b5b2b8c sp=0x000000a1a93faa40
Event: 25.994 Thread 0x000001b029592fb0 DEOPT UNPACKING pc=0x000001b01b4a7143 sp=0x000000a1a93f9f08 mode 0
Event: 26.913 Thread 0x000001b029595320 DEOPT PACKING pc=0x000001b01bbaaba4 sp=0x000000a1a8bfefe0
Event: 26.913 Thread 0x000001b0295943f0 DEOPT PACKING pc=0x000001b01bbaaba4 sp=0x000000a1a89fed10
Event: 26.913 Thread 0x000001b0295943f0 DEOPT UNPACKING pc=0x000001b01b4a7143 sp=0x000000a1a89fe1f8 mode 0
Event: 26.913 Thread 0x000001b029595320 DEOPT UNPACKING pc=0x000001b01b4a7143 sp=0x000000a1a8bfe4c8 mode 0
Event: 8254.780 Thread 0x000001b028d14650 DEOPT PACKING pc=0x000001b01baea754 sp=0x000000a1a82ff060
Event: 8254.780 Thread 0x000001b028d14650 DEOPT UNPACKING pc=0x000001b01b4a7143 sp=0x000000a1a82fe508 mode 0

Classes unloaded (20 events):
Event: 13857.650 Thread 0x000001b023a44dc0 Unloading class 0x000000010074f800 'jdk/internal/reflect/GeneratedSerializationConstructorAccessor568'
Event: 13857.650 Thread 0x000001b023a44dc0 Unloading class 0x000000010074dc00 'jdk/internal/reflect/GeneratedSerializationConstructorAccessor567'
Event: 13857.650 Thread 0x000001b023a44dc0 Unloading class 0x000000010074d800 'jdk/internal/reflect/GeneratedSerializationConstructorAccessor566'
Event: 13857.650 Thread 0x000001b023a44dc0 Unloading class 0x0000000100752c00 'jdk/internal/reflect/GeneratedSerializationConstructorAccessor565'
Event: 13857.650 Thread 0x000001b023a44dc0 Unloading class 0x0000000100752800 'jdk/internal/reflect/GeneratedSerializationConstructorAccessor564'
Event: 13857.650 Thread 0x000001b023a44dc0 Unloading class 0x0000000100578c00 'jdk/internal/reflect/GeneratedSerializationConstructorAccessor563'
Event: 13857.650 Thread 0x000001b023a44dc0 Unloading class 0x0000000100745800 'jdk/internal/reflect/GeneratedSerializationConstructorAccessor562'
Event: 13857.650 Thread 0x000001b023a44dc0 Unloading class 0x000000010078a000 'jdk/internal/reflect/GeneratedSerializationConstructorAccessor561'
Event: 13857.650 Thread 0x000001b023a44dc0 Unloading class 0x0000000100746000 'jdk/internal/reflect/GeneratedSerializationConstructorAccessor560'
Event: 13857.650 Thread 0x000001b023a44dc0 Unloading class 0x000000010074c400 'jdk/internal/reflect/GeneratedSerializationConstructorAccessor559'
Event: 13857.650 Thread 0x000001b023a44dc0 Unloading class 0x0000000100749400 'jdk/internal/reflect/GeneratedSerializationConstructorAccessor558'
Event: 13902.110 Thread 0x000001b023a44dc0 Unloading class 0x000000010074d000 'jdk/internal/reflect/GeneratedSerializationConstructorAccessor521'
Event: 13902.110 Thread 0x000001b023a44dc0 Unloading class 0x0000000100746800 'jdk/internal/reflect/GeneratedSerializationConstructorAccessor519'
Event: 13902.110 Thread 0x000001b023a44dc0 Unloading class 0x0000000100748c00 'jdk/internal/reflect/GeneratedSerializationConstructorAccessor518'
Event: 14156.260 Thread 0x000001b023a44dc0 Unloading class 0x0000000100748c00 'jdk/internal/reflect/GeneratedSerializationConstructorAccessor586'
Event: 14156.260 Thread 0x000001b023a44dc0 Unloading class 0x0000000100746800 'jdk/internal/reflect/GeneratedSerializationConstructorAccessor585'
Event: 14156.260 Thread 0x000001b023a44dc0 Unloading class 0x000000010074d000 'jdk/internal/reflect/GeneratedSerializationConstructorAccessor584'
Event: 14451.049 Thread 0x000001b023a44dc0 Unloading class 0x000000010074d000 'jdk/internal/reflect/GeneratedSerializationConstructorAccessor589'
Event: 14451.049 Thread 0x000001b023a44dc0 Unloading class 0x0000000100746800 'jdk/internal/reflect/GeneratedSerializationConstructorAccessor588'
Event: 14451.049 Thread 0x000001b023a44dc0 Unloading class 0x0000000100748c00 'jdk/internal/reflect/GeneratedSerializationConstructorAccessor587'

Classes redefined (0 events):
No events

Internal exceptions (20 events):
Event: 13986.796 Thread 0x000001b03244caa0 Exception <a 'java/net/ConnectException'{0x00000000c7d127c0}: Connection refused: connect> (0x00000000c7d127c0) 
thrown [s\src\hotspot\share\prims\jni.cpp, line 535]
Event: 13986.796 Thread 0x000001b03244caa0 Exception <a 'java/net/SocketException'{0x00000000c7d12af8}: Socket is not connected: shutdown> (0x00000000c7d12af8) 
thrown [s\src\hotspot\share\prims\jni.cpp, line 535]
Event: 13986.810 Thread 0x000001b03244caa0 Exception <a 'java/net/ConnectException'{0x00000000c7d136a0}: Connection refused: connect> (0x00000000c7d136a0) 
thrown [s\src\hotspot\share\prims\jni.cpp, line 535]
Event: 13986.810 Thread 0x000001b03244caa0 Exception <a 'java/net/SocketException'{0x00000000c7d139d8}: Socket is not connected: shutdown> (0x00000000c7d139d8) 
thrown [s\src\hotspot\share\prims\jni.cpp, line 535]
Event: 13986.810 Thread 0x000001b03244caa0 Exception <a 'java/net/ConnectException'{0x00000000c7d14570}: Connection refused: connect> (0x00000000c7d14570) 
thrown [s\src\hotspot\share\prims\jni.cpp, line 535]
Event: 13986.810 Thread 0x000001b03244caa0 Exception <a 'java/net/SocketException'{0x00000000c7d148a8}: Socket is not connected: shutdown> (0x00000000c7d148a8) 
thrown [s\src\hotspot\share\prims\jni.cpp, line 535]
Event: 13987.825 Thread 0x000001b03244caa0 Exception <a 'java/net/ConnectException'{0x00000000c7d15450}: Connection refused: connect> (0x00000000c7d15450) 
thrown [s\src\hotspot\share\prims\jni.cpp, line 535]
Event: 13987.825 Thread 0x000001b03244caa0 Exception <a 'java/net/SocketException'{0x00000000c7d157c0}: Socket is not connected: shutdown> (0x00000000c7d157c0) 
thrown [s\src\hotspot\share\prims\jni.cpp, line 535]
Event: 13987.825 Thread 0x000001b03244caa0 Exception <a 'java/net/ConnectException'{0x00000000c7d16358}: Connection refused: connect> (0x00000000c7d16358) 
thrown [s\src\hotspot\share\prims\jni.cpp, line 535]
Event: 13987.825 Thread 0x000001b03244caa0 Exception <a 'java/net/SocketException'{0x00000000c7d16690}: Socket is not connected: shutdown> (0x00000000c7d16690) 
thrown [s\src\hotspot\share\prims\jni.cpp, line 535]
Event: 13989.826 Thread 0x000001b03244caa0 Exception <a 'java/net/ConnectException'{0x00000000c7d17238}: Connection refused: connect> (0x00000000c7d17238) 
thrown [s\src\hotspot\share\prims\jni.cpp, line 535]
Event: 13989.826 Thread 0x000001b03244caa0 Exception <a 'java/net/SocketException'{0x00000000c7d17570}: Socket is not connected: shutdown> (0x00000000c7d17570) 
thrown [s\src\hotspot\share\prims\jni.cpp, line 535]
Event: 13989.827 Thread 0x000001b03244caa0 Exception <a 'java/net/ConnectException'{0x00000000c7d18108}: Connection refused: connect> (0x00000000c7d18108) 
thrown [s\src\hotspot\share\prims\jni.cpp, line 535]
Event: 13989.827 Thread 0x000001b03244caa0 Exception <a 'java/net/SocketException'{0x00000000c7d18440}: Socket is not connected: shutdown> (0x00000000c7d18440) 
thrown [s\src\hotspot\share\prims\jni.cpp, line 535]
Event: 14089.415 Thread 0x000001b03244ee10 Exception <a 'java/lang/NoSuchMethodError'{0x00000000c7d11aa0}: static [Ljava/rmi/server/ObjID;.<clinit>()V> (0x00000000c7d11aa0) 
thrown [s\src\hotspot\share\prims\jni.cpp, line 1107]
Event: 14089.418 Thread 0x000001b03244ee10 Exception <a 'java/lang/NoSuchMethodError'{0x00000000c7d1d5b8}: static [B.<clinit>()V> (0x00000000c7d1d5b8) 
thrown [s\src\hotspot\share\prims\jni.cpp, line 1107]
Event: 14130.503 Thread 0x000001b028cd33b0 Exception <a 'java/net/ConnectException'{0x00000000c7d10890}: Connection refused: connect> (0x00000000c7d10890) 
thrown [s\src\hotspot\share\prims\jni.cpp, line 535]
Event: 14130.503 Thread 0x000001b028cd33b0 Exception <a 'java/net/SocketException'{0x00000000c7d10bc8}: Socket is not connected: shutdown> (0x00000000c7d10bc8) 
thrown [s\src\hotspot\share\prims\jni.cpp, line 535]
Event: 14389.423 Thread 0x000001b03244ee10 Exception <a 'java/lang/NoSuchMethodError'{0x00000000c7d11a40}: static [Ljava/rmi/server/ObjID;.<clinit>()V> (0x00000000c7d11a40) 
thrown [s\src\hotspot\share\prims\jni.cpp, line 1107]
Event: 14389.425 Thread 0x000001b03244ee10 Exception <a 'java/lang/NoSuchMethodError'{0x00000000c7d1d558}: static [B.<clinit>()V> (0x00000000c7d1d558) 
thrown [s\src\hotspot\share\prims\jni.cpp, line 1107]

VM Operations (20 events):
Event: 14570.204 Executing VM operation: Cleanup done
Event: 14573.311 Executing VM operation: G1CollectFull
Event: 14573.345 Executing VM operation: G1CollectFull done
Event: 14583.464 Executing VM operation: G1CollectFull
Event: 14583.495 Executing VM operation: G1CollectFull done
Event: 14593.625 Executing VM operation: G1CollectFull
Event: 14593.657 Executing VM operation: G1CollectFull done
Event: 14603.782 Executing VM operation: G1CollectFull
Event: 14603.811 Executing VM operation: G1CollectFull done
Event: 14613.934 Executing VM operation: G1CollectFull
Event: 14613.959 Executing VM operation: G1CollectFull done
Event: 14624.091 Executing VM operation: G1CollectFull
Event: 14624.119 Executing VM operation: G1CollectFull done
Event: 14634.252 Executing VM operation: G1CollectFull
Event: 14634.285 Executing VM operation: G1CollectFull done
Event: 14644.416 Executing VM operation: G1CollectFull
Event: 14644.444 Executing VM operation: G1CollectFull done
Event: 14654.581 Executing VM operation: G1CollectFull
Event: 14654.609 Executing VM operation: G1CollectFull done
Event: 14664.651 Executing VM operation: G1CollectFull

Events (20 events):
Event: 13645.542 Thread 0x000001b03244e900 Thread added: 0x000001b03244e900
Event: 13685.740 Thread 0x000001b03244e900 Thread exited: 0x000001b03244e900
Event: 13686.703 Thread 0x000001b03244caa0 Thread added: 0x000001b03244caa0
Event: 13686.794 Thread 0x000001b03244e900 Thread added: 0x000001b03244e900
Event: 13745.915 Thread 0x000001b028ccf6f0 Thread exited: 0x000001b028ccf6f0
Event: 13746.797 Thread 0x000001b03244ee10 Thread exited: 0x000001b03244ee10
Event: 13760.030 Thread 0x000001b028cd0b30 Thread exited: 0x000001b028cd0b30
Event: 13785.633 Thread 0x000001b028ccdda0 Thread exited: 0x000001b028ccdda0
Event: 13788.394 Thread 0x000001b03244e900 Thread exited: 0x000001b03244e900
Event: 13788.402 Thread 0x000001b03244e900 Thread added: 0x000001b03244e900
Event: 13789.355 Thread 0x000001b03244ee10 Thread added: 0x000001b03244ee10
Event: 13789.415 Thread 0x000001b028ccdda0 Thread added: 0x000001b028ccdda0
Event: 13801.700 Thread 0x000001b028ccf6f0 Thread added: 0x000001b028ccf6f0
Event: 13835.749 Thread 0x000001b03244d9d0 Thread exited: 0x000001b03244d9d0
Event: 13849.424 Thread 0x000001b03244e900 Thread exited: 0x000001b03244e900
Event: 13861.761 Thread 0x000001b028ccf6f0 Thread exited: 0x000001b028ccf6f0
Event: 13902.846 Thread 0x000001b03244dee0 Thread exited: 0x000001b03244dee0
Event: 13946.579 Thread 0x000001b03244e3f0 Thread exited: 0x000001b03244e3f0
Event: 13989.827 Thread 0x000001b03244caa0 Thread exited: 0x000001b03244caa0
Event: 14130.503 Thread 0x000001b028cd33b0 Thread exited: 0x000001b028cd33b0


Dynamic libraries:
0x00007ff601850000 - 0x00007ff60185e000 	c:\Users\Work Station\.vscode\extensions\redhat.java-1.30.0-win32-x64\jre\17.0.10-win32-x86_64\bin\java.exe
0x00007ffc87030000 - 0x00007ffc87246000 	C:\WINDOWS\SYSTEM32\ntdll.dll
0x00007ffc85390000 - 0x00007ffc85454000 	C:\WINDOWS\System32\KERNEL32.DLL
0x00007ffc84410000 - 0x00007ffc847b7000 	C:\WINDOWS\System32\KERNELBASE.dll
0x00007ffc848e0000 - 0x00007ffc849f1000 	C:\WINDOWS\System32\ucrtbase.dll
0x00007ffc68720000 - 0x00007ffc68737000 	c:\Users\Work Station\.vscode\extensions\redhat.java-1.30.0-win32-x64\jre\17.0.10-win32-x86_64\bin\jli.dll
0x00007ffc7a020000 - 0x00007ffc7a03b000 	c:\Users\Work Station\.vscode\extensions\redhat.java-1.30.0-win32-x64\jre\17.0.10-win32-x86_64\bin\VCRUNTIME140.dll
0x00007ffc5f8f0000 - 0x00007ffc5fb83000 	C:\WINDOWS\WinSxS\amd64_microsoft.windows.common-controls_6595b64144ccf1df_6.0.22621.3235_none_270f74e173860f98\COMCTL32.dll
0x00007ffc86cf0000 - 0x00007ffc86d97000 	C:\WINDOWS\System32\msvcrt.dll
0x00007ffc851b0000 - 0x00007ffc8535e000 	C:\WINDOWS\System32\USER32.dll
0x00007ffc85360000 - 0x00007ffc85389000 	C:\WINDOWS\System32\GDI32.dll
0x00007ffc84a70000 - 0x00007ffc84a96000 	C:\WINDOWS\System32\win32u.dll
0x00007ffc84c40000 - 0x00007ffc84d59000 	C:\WINDOWS\System32\gdi32full.dll
0x00007ffc84840000 - 0x00007ffc848da000 	C:\WINDOWS\System32\msvcp_win.dll
0x00007ffc86850000 - 0x00007ffc86881000 	C:\WINDOWS\System32\IMM32.DLL
0x00007ffc7aba0000 - 0x00007ffc7abac000 	c:\Users\Work Station\.vscode\extensions\redhat.java-1.30.0-win32-x64\jre\17.0.10-win32-x86_64\bin\vcruntime140_1.dll
0x00007ffc60ee0000 - 0x00007ffc60f6d000 	c:\Users\Work Station\.vscode\extensions\redhat.java-1.30.0-win32-x64\jre\17.0.10-win32-x86_64\bin\msvcp140.dll
0x00007ffc274f0000 - 0x00007ffc28152000 	c:\Users\Work Station\.vscode\extensions\redhat.java-1.30.0-win32-x64\jre\17.0.10-win32-x86_64\bin\server\jvm.dll
0x00007ffc86b30000 - 0x00007ffc86be2000 	C:\WINDOWS\System32\ADVAPI32.dll
0x00007ffc84ec0000 - 0x00007ffc84f68000 	C:\WINDOWS\System32\sechost.dll
0x00007ffc84aa0000 - 0x00007ffc84ac8000 	C:\WINDOWS\System32\bcrypt.dll
0x00007ffc85020000 - 0x00007ffc85135000 	C:\WINDOWS\System32\RPCRT4.dll
0x00007ffc831b0000 - 0x00007ffc831fd000 	C:\WINDOWS\SYSTEM32\POWRPROF.dll
0x00007ffc615f0000 - 0x00007ffc615f9000 	C:\WINDOWS\SYSTEM32\WSOCK32.dll
0x00007ffc84d60000 - 0x00007ffc84dd1000 	C:\WINDOWS\System32\WS2_32.dll
0x00007ffc79d00000 - 0x00007ffc79d34000 	C:\WINDOWS\SYSTEM32\WINMM.dll
0x00007ffc78780000 - 0x00007ffc7878a000 	C:\WINDOWS\SYSTEM32\VERSION.dll
0x00007ffc83190000 - 0x00007ffc831a3000 	C:\WINDOWS\SYSTEM32\UMPDC.dll
0x00007ffc83440000 - 0x00007ffc83458000 	C:\WINDOWS\SYSTEM32\kernel.appcore.dll
0x00007ffc78420000 - 0x00007ffc7842a000 	c:\Users\Work Station\.vscode\extensions\redhat.java-1.30.0-win32-x64\jre\17.0.10-win32-x86_64\bin\jimage.dll
0x00007ffc7ebf0000 - 0x00007ffc7ee23000 	C:\WINDOWS\SYSTEM32\DBGHELP.DLL
0x00007ffc864c0000 - 0x00007ffc86848000 	C:\WINDOWS\System32\combase.dll
0x00007ffc84de0000 - 0x00007ffc84eb7000 	C:\WINDOWS\System32\OLEAUT32.dll
0x00007ffc74d20000 - 0x00007ffc74d52000 	C:\WINDOWS\SYSTEM32\dbgcore.DLL
0x00007ffc847c0000 - 0x00007ffc84839000 	C:\WINDOWS\System32\bcryptPrimitives.dll
0x00007ffc62af0000 - 0x00007ffc62b15000 	c:\Users\Work Station\.vscode\extensions\redhat.java-1.30.0-win32-x64\jre\17.0.10-win32-x86_64\bin\java.dll
0x00007ffc67f90000 - 0x00007ffc67fa8000 	c:\Users\Work Station\.vscode\extensions\redhat.java-1.30.0-win32-x64\jre\17.0.10-win32-x86_64\bin\zip.dll
0x00007ffc85c10000 - 0x00007ffc8646c000 	C:\WINDOWS\System32\SHELL32.dll
0x00007ffc82260000 - 0x00007ffc82b59000 	C:\WINDOWS\SYSTEM32\windows.storage.dll
0x00007ffc82120000 - 0x00007ffc8225e000 	C:\WINDOWS\SYSTEM32\wintypes.dll
0x00007ffc86bf0000 - 0x00007ffc86ce3000 	C:\WINDOWS\System32\SHCORE.dll
0x00007ffc856b0000 - 0x00007ffc8570e000 	C:\WINDOWS\System32\shlwapi.dll
0x00007ffc84280000 - 0x00007ffc842a1000 	C:\WINDOWS\SYSTEM32\profapi.dll
0x00007ffc62a70000 - 0x00007ffc62a89000 	C:\Users\Work Station\.vscode\extensions\redhat.java-1.30.0-win32-x64\jre\17.0.10-win32-x86_64\bin\net.dll
0x00007ffc7a990000 - 0x00007ffc7aac6000 	C:\WINDOWS\SYSTEM32\WINHTTP.dll
0x00007ffc838b0000 - 0x00007ffc83919000 	C:\WINDOWS\system32\mswsock.dll
0x00007ffc628e0000 - 0x00007ffc628f6000 	C:\Users\Work Station\.vscode\extensions\redhat.java-1.30.0-win32-x64\jre\17.0.10-win32-x86_64\bin\nio.dll
0x00007ffc780b0000 - 0x00007ffc780c0000 	c:\Users\Work Station\.vscode\extensions\redhat.java-1.30.0-win32-x64\jre\17.0.10-win32-x86_64\bin\verify.dll
0x00007ffc83ad0000 - 0x00007ffc83aeb000 	C:\WINDOWS\SYSTEM32\CRYPTSP.dll
0x00007ffc833a0000 - 0x00007ffc833d5000 	C:\WINDOWS\system32\rsaenh.dll
0x00007ffc83970000 - 0x00007ffc83998000 	C:\WINDOWS\SYSTEM32\USERENV.dll
0x00007ffc83af0000 - 0x00007ffc83afc000 	C:\WINDOWS\SYSTEM32\CRYPTBASE.dll
0x00007ffc82e00000 - 0x00007ffc82e2d000 	C:\WINDOWS\SYSTEM32\IPHLPAPI.DLL
0x00007ffc85ba0000 - 0x00007ffc85ba9000 	C:\WINDOWS\System32\NSI.dll
0x00007ffc7a880000 - 0x00007ffc7a899000 	C:\WINDOWS\SYSTEM32\dhcpcsvc6.DLL
0x00007ffc7a860000 - 0x00007ffc7a87f000 	C:\WINDOWS\SYSTEM32\dhcpcsvc.DLL
0x00007ffc82e30000 - 0x00007ffc82f29000 	C:\WINDOWS\SYSTEM32\DNSAPI.dll
0x00007ffc7e0f0000 - 0x00007ffc7e0f9000 	C:\Users\Work Station\.vscode\extensions\redhat.java-1.30.0-win32-x64\jre\17.0.10-win32-x86_64\bin\management.dll
0x00007ffc7de70000 - 0x00007ffc7de7b000 	C:\Users\Work Station\.vscode\extensions\redhat.java-1.30.0-win32-x64\jre\17.0.10-win32-x86_64\bin\management_ext.dll
0x00007ffc85b90000 - 0x00007ffc85b98000 	C:\WINDOWS\System32\PSAPI.DLL
0x00007ffc77430000 - 0x00007ffc7743e000 	C:\Users\Work Station\.vscode\extensions\redhat.java-1.30.0-win32-x64\jre\17.0.10-win32-x86_64\bin\sunmscapi.dll
0x00007ffc84ad0000 - 0x00007ffc84c37000 	C:\WINDOWS\System32\CRYPT32.dll
0x00007ffc83d10000 - 0x00007ffc83d3e000 	C:\WINDOWS\SYSTEM32\ncrypt.dll
0x00007ffc83cd0000 - 0x00007ffc83d07000 	C:\WINDOWS\SYSTEM32\NTASN1.dll
0x00007ffc68a40000 - 0x00007ffc68a4a000 	C:\Windows\System32\rasadhlp.dll
0x00007ffc79350000 - 0x00007ffc793d3000 	C:\WINDOWS\System32\fwpuclnt.dll
0x00007ffc718f0000 - 0x00007ffc718f9000 	C:\Users\Work Station\.vscode\extensions\redhat.java-1.30.0-win32-x64\jre\17.0.10-win32-x86_64\bin\extnet.dll
0x00007ffc71bc0000 - 0x00007ffc71bc9000 	C:\Users\Work Station\.vscode\extensions\redhat.java-1.30.0-win32-x64\jre\17.0.10-win32-x86_64\bin\attach.dll
0x00007ffc31ab0000 - 0x00007ffc31ac7000 	C:\WINDOWS\system32\napinsp.dll
0x00007ffc31f10000 - 0x00007ffc31f2b000 	C:\WINDOWS\system32\pnrpnsp.dll
0x00007ffc31ad0000 - 0x00007ffc31ae1000 	C:\WINDOWS\System32\winrnr.dll
0x00007ffc78b80000 - 0x00007ffc78b95000 	C:\WINDOWS\system32\wshbth.dll
0x00007ffc31f30000 - 0x00007ffc31f51000 	C:\WINDOWS\system32\nlansp_c.dll
0x00007ffc719d0000 - 0x00007ffc719d7000 	C:\Users\Work Station\.vscode\extensions\redhat.java-1.30.0-win32-x64\jre\17.0.10-win32-x86_64\bin\rmi.dll

dbghelp: loaded successfully - version: 4.0.5 - missing functions: none
symbol engine: initialized successfully - sym options: 0x614 - pdb path: .;c:\Users\Work Station\.vscode\extensions\redhat.java-1.30.0-win32-x64\jre\17.0.10-win32-x86_64\bin;C:\WINDOWS\SYSTEM32;C:\WINDOWS\WinSxS\amd64_microsoft.windows.common-controls_6595b64144ccf1df_6.0.22621.3235_none_270f74e173860f98;c:\Users\Work Station\.vscode\extensions\redhat.java-1.30.0-win32-x64\jre\17.0.10-win32-x86_64\bin\server

VM Arguments:
jvm_args: -XX:+HeapDumpOnOutOfMemoryError -Xmx1024m -Dsts.lsp.client=vscode -Dsts.log.file=/dev/null -XX:TieredStopAtLevel=1 -Xlog:jni+resolve=off -Dspring.config.location=file:c:\Users\Work Station\.vscode\extensions\vmware.vscode-spring-boot-1.53.0\language-server\BOOT-INF\classes\application.properties 
java_command: org.springframework.ide.vscode.boot.app.BootLanguageServerBootApp
java_class_path (initial): c:\Users\Work Station\.vscode\extensions\vmware.vscode-spring-boot-1.53.0\language-server\BOOT-INF\classes;c:\Users\Work Station\.vscode\extensions\vmware.vscode-spring-boot-1.53.0\language-server\BOOT-INF\lib\annotations-24.1.0.jar;c:\Users\Work Station\.vscode\extensions\vmware.vscode-spring-boot-1.53.0\language-server\BOOT-INF\lib\antlr4-runtime-4.11.1.jar;c:\Users\Work Station\.vscode\extensions\vmware.vscode-spring-boot-1.53.0\language-server\BOOT-INF\lib\asm-9.6.jar;c:\Users\Work Station\.vscode\extensions\vmware.vscode-spring-boot-1.53.0\language-server\BOOT-INF\lib\asm-analysis-9.6.jar;c:\Users\Work Station\.vscode\extensions\vmware.vscode-spring-boot-1.53.0\language-server\BOOT-INF\lib\asm-tree-9.6.jar;c:\Users\Work Station\.vscode\extensions\vmware.vscode-spring-boot-1.53.0\language-server\BOOT-INF\lib\asm-util-9.6.jar;c:\Users\Work Station\.vscode\extensions\vmware.vscode-spring-boot-1.53.0\language-server\BOOT-INF\lib\caffeine-3.1.8.jar;c:\Users\Work Station\.vscode\extensions\vmware.vscode-spring-boot-1.53.0\language-server\BOOT-INF\lib\checker-qual-3.12.0.jar;c:\Users\Work Station\.vscode\extensions\vmware.vscode-spring-boot-1.53.0\language-server\BOOT-INF\lib\classgraph-4.8.149.jar;c:\Users\Work Station\.vscode\extensions\vmware.vscode-spring-boot-1.53.0\language-server\BOOT-INF\lib\commons-codec-1.16.1.jar;c:\Users\Work Station\.vscode\extensions\vmware.vscode-spring-boot-1.53.0\language-server\BOOT-INF\lib\commons-compress-1.26.0.jar;c:\Users\Work Station\.vscode\extensions\vmware.vscode-spring-boot-1.53.0\language-server\BOOT-INF\lib\commons-io-2.4.jar;c:\Users\Work Station\.vscode\extensions\vmware.vscode-spring-boot-1.53.0\language-server\BOOT-INF\lib\commons-java-1.53.0-SNAPSHOT.jar;c:\Users\Work Station\.vscode\extensions\vmware.vscode-spring-boot-1.53.0\language-server\BOOT-INF\lib\commons-lang3-3.13.0.jar;c:\Users\Work Station\.vscode\extensions\vmware.vscode-spring-boot-1.53.0\language-server\BOOT-INF\lib\commons
Launcher Type: SUN_STANDARD

[Global flags]
     intx CICompilerCount                          = 4                                         {product} {ergonomic}
     uint ConcGCThreads                            = 3                                         {product} {ergonomic}
     uint G1ConcRefinementThreads                  = 10                                        {product} {ergonomic}
   size_t G1HeapRegionSize                         = 1048576                                   {product} {ergonomic}
    uintx GCDrainStackTargetSize                   = 64                                        {product} {ergonomic}
     bool HeapDumpOnOutOfMemoryError               = true                                   {manageable} {command line}
   size_t InitialHeapSize                          = 132120576                                 {product} {ergonomic}
   size_t MarkStackSize                            = 4194304                                   {product} {ergonomic}
   size_t MaxHeapSize                              = 1073741824                                {product} {command line}
   size_t MaxNewSize                               = 643825664                                 {product} {ergonomic}
   size_t MinHeapDeltaBytes                        = 1048576                                   {product} {ergonomic}
   size_t MinHeapSize                              = 8388608                                   {product} {ergonomic}
    uintx NonProfiledCodeHeapSize                  = 0                                      {pd product} {ergonomic}
     bool ProfileInterpreter                       = false                                  {pd product} {command line}
    uintx ProfiledCodeHeapSize                     = 0                                      {pd product} {ergonomic}
   size_t SoftMaxHeapSize                          = 1073741824                             {manageable} {ergonomic}
     intx TieredStopAtLevel                        = 1                                         {product} {command line}
     bool UseCompressedClassPointers               = true                           {product lp64_product} {ergonomic}
     bool UseCompressedOops                        = true                           {product lp64_product} {ergonomic}
     bool UseG1GC                                  = true                                      {product} {ergonomic}
     bool UseLargePagesIndividualAllocation        = false                                  {pd product} {ergonomic}

Logging:
Log output configuration:
 #0: stdout all=warning,jni+resolve=off uptime,level,tags
 #1: stderr all=off uptime,level,tags

Environment Variables:
PATH=C:\Program Files\Common Files\Oracle\Java\javapath;C:\Program Files (x86)\Common Files\Oracle\Java\javapath;C:\WINDOWS\system32;C:\WINDOWS;C:\WINDOWS\System32\Wbem;C:\WINDOWS\System32\WindowsPowerShell\v1.0\;C:\WINDOWS\System32\OpenSSH\;C:\Program Files\Git\cmd;C:\Program Files\Docker\Docker\resources\bin;C:\Program Files\nodejs\;C:\Users\Work Station\Downloads\apache-maven-3.9.6-bin\apache-maven-3.9.6\bin;C:\Program Files\Java\jdk-15.0.2\bin;C:\Users\Work Station\Downloads\nasm-2.15.05;C:\Users\Work Station\AppData\Local\Microsoft\WindowsApps;C:\Users\Work Station\AppData\Local\Programs\Microsoft VS Code\bin;C:\Program Files (x86)\DOSBox-0.74-3;C:\Program Files\nodejs;C:\msys64\ucrt64\bin.;C:\Users\Work Station\AppData\Roaming\npm;C:\Users\Work Station\Downloads\apache-maven-3.9.6-bin\apache-maven-3.9.6\bin;C:\Program Files\Java\jdk-15.0.2\bin;
USERNAME=Work Station
OS=Windows_NT
PROCESSOR_IDENTIFIER=Intel64 Family 6 Model 165 Stepping 2, GenuineIntel
TMP=C:\Users\WORKST~1\AppData\Local\Temp
TEMP=C:\Users\WORKST~1\AppData\Local\Temp



Periodic native trim disabled


---------------  S Y S T E M  ---------------

OS:
 Windows 11 , 64 bit Build 22621 (10.0.22621.3374)
OS uptime: 21 days 15:43 hours
Hyper-V role detected

CPU: total 12 (initial active 12) (6 cores per cpu, 2 threads per core) family 6 model 165 stepping 2 microcode 0xf8, cx8, cmov, fxsr, ht, mmx, 3dnowpref, sse, sse2, sse3, ssse3, sse4.1, sse4.2, popcnt, lzcnt, tsc, tscinvbit, avx, avx2, aes, erms, clmul, bmi1, bmi2, adx, fma, vzeroupper, clflush, clflushopt, hv
Processor Information for all 12 processors :
  Max Mhz: 2592, Current Mhz: 2592, Mhz Limit: 2592

Memory: 4k page, system-wide physical 7962M (949M free)
TotalPageFile size 32538M (AvailPageFile size 5M)
current process WorkingSet (physical memory assigned to process): 125M, peak: 220M
current process commit charge ("private bytes"): 277M, peak: 292M

vm_info: OpenJDK 64-Bit Server VM (17.0.10+7) for windows-amd64 JRE (17.0.10+7), built on Jan 16 2024 23:25:11 by "admin" with MS VC++ 16.10 / 16.11 (VS2019)

END.
